# JRE version: Java(TM) SE Runtime Environment (8.0_66-b18) (build 1.8.0_66-b18)
# Java VM: Java HotSpot(TM) 64-Bit Server VM (25.66-b18 mixed mode windows-amd64 compressed oops)
Heap:
 PSYoungGen      total 196608K, used 25463K [0x00000000d5d00000, 0x00000000e6d80000, 0x0000000100000000)
  eden space 118272K, 21% used [0x00000000d5d00000,0x00000000d75dde40,0x00000000dd080000)
  from space 78336K, 0% used [0x00000000e2100000,0x00000000e2100000,0x00000000e6d80000)
  to   space 80384K, 0% used [0x00000000dd080000,0x00000000dd080000,0x00000000e1f00000)
 ParOldGen       total 249856K, used 66658K [0x0000000081600000, 0x0000000090a00000, 0x00000000d5d00000)
  object space 249856K, 26% used [0x0000000081600000,0x0000000085718a80,0x0000000090a00000)
 Metaspace       used 57932K, capacity 58392K, committed 59096K, reserved 1099776K
  class space    used 9229K, capacity 9385K, committed 9472K, reserved 1048576K
GC Heap History (10 events):
Event: 16.309 GC heap before
{Heap before GC invocations=17 (full 3):
 PSYoungGen      total 144896K, used 144869K [0x00000000d5d00000, 0x00000000e5380000, 0x0000000100000000)
  eden space 95744K, 100% used [0x00000000d5d00000,0x00000000dba80000,0x00000000dba80000)
  from space 49152K, 99% used [0x00000000dba80000,0x00000000dea794f0,0x00000000dea80000)
  to   space 65536K, 0% used [0x00000000e1380000,0x00000000e1380000,0x00000000e5380000)
 ParOldGen       total 249856K, used 128462K [0x0000000081600000, 0x0000000090a00000, 0x00000000d5d00000)
  object space 249856K, 51% used [0x0000000081600000,0x0000000089373958,0x0000000090a00000)
 Metaspace       used 54647K, capacity 55140K, committed 55768K, reserved 1095680K
  class space    used 8757K, capacity 8938K, committed 8960K, reserved 1048576K
Event: 16.359 GC heap after
Heap after GC invocations=17 (full 3):
 PSYoungGen      total 175616K, used 64633K [0x00000000d5d00000, 0x00000000e6680000, 0x0000000100000000)
  eden space 110080K, 0% used [0x00000000d5d00000,0x00000000d5d00000,0x00000000dc880000)
  from space 65536K, 98% used [0x00000000e1380000,0x00000000e529e620,0x00000000e5380000)
  to   space 76800K, 0% used [0x00000000dc880000,0x00000000dc880000,0x00000000e1380000)
 ParOldGen       total 249856K, used 128470K [0x0000000081600000, 0x0000000090a00000, 0x00000000d5d00000)
  object space 249856K, 51% used [0x0000000081600000,0x0000000089375958,0x0000000090a00000)
 Metaspace       used 54647K, capacity 55140K, committed 55768K, reserved 1095680K
  class space    used 8757K, capacity 8938K, committed 8960K, reserved 1048576K
}
Event: 18.488 GC heap before
{Heap before GC invocations=18 (full 3):
 PSYoungGen      total 175616K, used 123229K [0x00000000d5d00000, 0x00000000e6680000, 0x0000000100000000)
  eden space 110080K, 53% used [0x00000000d5d00000,0x00000000d9638e50,0x00000000dc880000)
  from space 65536K, 98% used [0x00000000e1380000,0x00000000e529e620,0x00000000e5380000)
  to   space 76800K, 0% used [0x00000000dc880000,0x00000000dc880000,0x00000000e1380000)
 ParOldGen       total 249856K, used 128470K [0x0000000081600000, 0x0000000090a00000, 0x00000000d5d00000)
  object space 249856K, 51% used [0x0000000081600000,0x0000000089375958,0x0000000090a00000)
 Metaspace       used 55701K, capacity 56162K, committed 56664K, reserved 1097728K
  class space    used 8873K, capacity 9038K, committed 9088K, reserved 1048576K
Event: 18.541 GC heap after
Heap after GC invocations=18 (full 3):
 PSYoungGen      total 186880K, used 54866K [0x00000000d5d00000, 0x00000000e7180000, 0x0000000100000000)
  eden space 110080K, 0% used [0x00000000d5d00000,0x00000000d5d00000,0x00000000dc880000)
  from space 76800K, 71% used [0x00000000dc880000,0x00000000dfe14b28,0x00000000e1380000)
  to   space 82432K, 0% used [0x00000000e2100000,0x00000000e2100000,0x00000000e7180000)
 ParOldGen       total 249856K, used 128501K [0x0000000081600000, 0x0000000090a00000, 0x00000000d5d00000)
  object space 249856K, 51% used [0x0000000081600000,0x000000008937d5b8,0x0000000090a00000)
 Metaspace       used 55701K, capacity 56162K, committed 56664K, reserved 1097728K
  class space    used 8873K, capacity 9038K, committed 9088K, reserved 1048576K
}
Event: 18.541 GC heap before
{Heap before GC invocations=19 (full 4):
 PSYoungGen      total 186880K, used 54866K [0x00000000d5d00000, 0x00000000e7180000, 0x0000000100000000)
  eden space 110080K, 0% used [0x00000000d5d00000,0x00000000d5d00000,0x00000000dc880000)
  from space 76800K, 71% used [0x00000000dc880000,0x00000000dfe14b28,0x00000000e1380000)
  to   space 82432K, 0% used [0x00000000e2100000,0x00000000e2100000,0x00000000e7180000)
 ParOldGen       total 249856K, used 128501K [0x0000000081600000, 0x0000000090a00000, 0x00000000d5d00000)
  object space 249856K, 51% used [0x0000000081600000,0x000000008937d5b8,0x0000000090a00000)
 Metaspace       used 55701K, capacity 56162K, committed 56664K, reserved 1097728K
  class space    used 8873K, capacity 9038K, committed 9088K, reserved 1048576K
Event: 18.731 GC heap after
Heap after GC invocations=19 (full 4):
 PSYoungGen      total 186880K, used 0K [0x00000000d5d00000, 0x00000000e7180000, 0x0000000100000000)
  eden space 110080K, 0% used [0x00000000d5d00000,0x00000000d5d00000,0x00000000dc880000)
  from space 76800K, 0% used [0x00000000dc880000,0x00000000dc880000,0x00000000e1380000)
  to   space 82432K, 0% used [0x00000000e2100000,0x00000000e2100000,0x00000000e7180000)
 ParOldGen       total 249856K, used 56555K [0x0000000081600000, 0x0000000090a00000, 0x00000000d5d00000)
  object space 249856K, 22% used [0x0000000081600000,0x0000000084d3af10,0x0000000090a00000)
 Metaspace       used 55665K, capacity 56120K, committed 56664K, reserved 1097728K
  class space    used 8870K, capacity 9033K, committed 9088K, reserved 1048576K
}
Event: 19.311 GC heap before
{Heap before GC invocations=20 (full 4):
 PSYoungGen      total 186880K, used 73693K [0x00000000d5d00000, 0x00000000e7180000, 0x0000000100000000)
  eden space 110080K, 66% used [0x00000000d5d00000,0x00000000da4f7418,0x00000000dc880000)
  from space 76800K, 0% used [0x00000000dc880000,0x00000000dc880000,0x00000000e1380000)
  to   space 82432K, 0% used [0x00000000e2100000,0x00000000e2100000,0x00000000e7180000)
 ParOldGen       total 249856K, used 56555K [0x0000000081600000, 0x0000000090a00000, 0x00000000d5d00000)
  object space 249856K, 22% used [0x0000000081600000,0x0000000084d3af10,0x0000000090a00000)
 Metaspace       used 57660K, capacity 58168K, committed 58712K, reserved 1099776K
  class space    used 9130K, capacity 9289K, committed 9344K, reserved 1048576K
Event: 19.315 GC heap after
Heap after GC invocations=20 (full 4):
 PSYoungGen      total 196608K, used 11007K [0x00000000d5d00000, 0x00000000e6d80000, 0x0000000100000000)
  eden space 118272K, 0% used [0x00000000d5d00000,0x00000000d5d00000,0x00000000dd080000)
  from space 78336K, 14% used [0x00000000e2100000,0x00000000e2bbfe88,0x00000000e6d80000)
  to   space 80384K, 0% used [0x00000000dd080000,0x00000000dd080000,0x00000000e1f00000)
 ParOldGen       total 249856K, used 56563K [0x0000000081600000, 0x0000000090a00000, 0x00000000d5d00000)
  object space 249856K, 22% used [0x0000000081600000,0x0000000084d3cf10,0x0000000090a00000)
 Metaspace       used 57660K, capacity 58168K, committed 58712K, reserved 1099776K
  class space    used 9130K, capacity 9289K, committed 9344K, reserved 1048576K
}
Event: 19.315 GC heap before
{Heap before GC invocations=21 (full 5):
 PSYoungGen      total 196608K, used 11007K [0x00000000d5d00000, 0x00000000e6d80000, 0x0000000100000000)
  eden space 118272K, 0% used [0x00000000d5d00000,0x00000000d5d00000,0x00000000dd080000)
  from space 78336K, 14% used [0x00000000e2100000,0x00000000e2bbfe88,0x00000000e6d80000)
  to   space 80384K, 0% used [0x00000000dd080000,0x00000000dd080000,0x00000000e1f00000)
 ParOldGen       total 249856K, used 56563K [0x0000000081600000, 0x0000000090a00000, 0x00000000d5d00000)
  object space 249856K, 22% used [0x0000000081600000,0x0000000084d3cf10,0x0000000090a00000)
 Metaspace       used 57660K, capacity 58168K, committed 58712K, reserved 1099776K
  class space    used 9130K, capacity 9289K, committed 9344K, reserved 1048576K
Event: 19.527 GC heap after
Heap after GC invocations=21 (full 5):
 PSYoungGen      total 196608K, used 0K [0x00000000d5d00000, 0x00000000e6d80000, 0x0000000100000000)
  eden space 118272K, 0% used [0x00000000d5d00000,0x00000000d5d00000,0x00000000dd080000)
  from space 78336K, 0% used [0x00000000e2100000,0x00000000e2100000,0x00000000e6d80000)
  to   space 80384K, 0% used [0x00000000dd080000,0x00000000dd080000,0x00000000e1f00000)
 ParOldGen       total 249856K, used 66658K [0x0000000081600000, 0x0000000090a00000, 0x00000000d5d00000)
  object space 249856K, 26% used [0x0000000081600000,0x0000000085718a80,0x0000000090a00000)
 Metaspace       used 57660K, capacity 58168K, committed 58712K, reserved 1099776K
  class space    used 9130K, capacity 9289K, committed 9344K, reserved 1048576K
}

